已經開始建置於 2018/4/13 下午 01:20:08。
     1>節點 2 (Build 目標) 上的專案 "D:\Git\Particle-system\CA1_particleSystem\ParticleSystem.vcxproj"。
     1>ClCompile:
         C:\Program Files (x86)\Microsoft Visual Studio 12.0\VC\bin\CL.exe /c /I./Config /I./Image /I./OpenGL /I./Math /I./Include /I./MassSpringSystem /I./ /Zi /nologo /W3 /WX- /O2 /Oi /Oy- /GL /D _MBCS /Gm- /EHsc /MD /GS /Gy /fp:precise /Zc:wchar_t /Zc:forScope /openmp- /Fo"Release\\" /Fd"Release\vc120.pdb" /Gd /TP /analyze- /errorReport:prompt MassSpringSystem\CMassSpringSystem.cpp
         CMassSpringSystem.cpp
     1>MassSpringSystem\CMassSpringSystem.cpp(227): warning C4018: '<' : signed/unsigned 不相符
       Link:
         C:\Program Files (x86)\Microsoft Visual Studio 12.0\VC\bin\link.exe /ERRORREPORT:PROMPT /OUT:"D:\Git\Particle-system\CA1_particleSystem\Release\ParticleSystem.exe" /NOLOGO kernel32.lib user32.lib gdi32.lib winspool.lib comdlg32.lib advapi32.lib shell32.lib ole32.lib oleaut32.lib uuid.lib odbc32.lib odbccp32.lib /MANIFEST /MANIFESTUAC:"level='asInvoker' uiAccess='false'" /manifest:embed /DEBUG /PDB:"D:\Git\Particle-system\CA1_particleSystem\Release\ParticleSystem.pdb" /OPT:REF /OPT:ICF /LTCG /TLBID:1 /DYNAMICBASE /NXCOMPAT /IMPLIB:"D:\Git\Particle-system\CA1_particleSystem\Release\ParticleSystem.lib" /MACHINE:X86 /SAFESEH Release\CBmp.obj
         Release\BallModel.obj
         Release\CMassSpringSystem.obj
         Release\GoalNetModel.obj
         Release\CCamera.obj
         Release\performanceCounter.obj
         Release\stdafx.obj
         Release\Vector3d.obj
         Release\CParticle.obj
         Release\CSpring.obj
         Release\configFile.obj
         Release\Render_API.obj
         Release\ParticleSystemMain.obj
         正在產生程式碼
         已完成程式碼產生
     1>glui32.lib(glui.obj) : warning LNK4204: 'D:\Git\Particle-system\CA1_particleSystem\Release\vc120.pdb' 遺漏參考模組的偵錯資訊，當做沒有偵錯資訊，連結物件
     1>glui32.lib(glui_bitmap_img_data.obj) : warning LNK4204: 'D:\Git\Particle-system\CA1_particleSystem\Release\vc120.pdb' 遺漏參考模組的偵錯資訊，當做沒有偵錯資訊，連結物件
     1>glui32.lib(glui_bitmaps.obj) : warning LNK4204: 'D:\Git\Particle-system\CA1_particleSystem\Release\vc120.pdb' 遺漏參考模組的偵錯資訊，當做沒有偵錯資訊，連結物件
     1>glui32.lib(glui_button.obj) : warning LNK4204: 'D:\Git\Particle-system\CA1_particleSystem\Release\vc120.pdb' 遺漏參考模組的偵錯資訊，當做沒有偵錯資訊，連結物件
     1>glui32.lib(glui_checkbox.obj) : warning LNK4204: 'D:\Git\Particle-system\CA1_particleSystem\Release\vc120.pdb' 遺漏參考模組的偵錯資訊，當做沒有偵錯資訊，連結物件
     1>glui32.lib(glui_control.obj) : warning LNK4204: 'D:\Git\Particle-system\CA1_particleSystem\Release\vc120.pdb' 遺漏參考模組的偵錯資訊，當做沒有偵錯資訊，連結物件
     1>glui32.lib(glui_edittext.obj) : warning LNK4204: 'D:\Git\Particle-system\CA1_particleSystem\Release\vc120.pdb' 遺漏參考模組的偵錯資訊，當做沒有偵錯資訊，連結物件
     1>glui32.lib(glui_listbox.obj) : warning LNK4204: 'D:\Git\Particle-system\CA1_particleSystem\Release\vc120.pdb' 遺漏參考模組的偵錯資訊，當做沒有偵錯資訊，連結物件
     1>glui32.lib(glui_node.obj) : warning LNK4204: 'D:\Git\Particle-system\CA1_particleSystem\Release\vc120.pdb' 遺漏參考模組的偵錯資訊，當做沒有偵錯資訊，連結物件
     1>glui32.lib(glui_panel.obj) : warning LNK4204: 'D:\Git\Particle-system\CA1_particleSystem\Release\vc120.pdb' 遺漏參考模組的偵錯資訊，當做沒有偵錯資訊，連結物件
     1>glui32.lib(glui_spinner.obj) : warning LNK4204: 'D:\Git\Particle-system\CA1_particleSystem\Release\vc120.pdb' 遺漏參考模組的偵錯資訊，當做沒有偵錯資訊，連結物件
     1>glui32.lib(glui_string.obj) : warning LNK4204: 'D:\Git\Particle-system\CA1_particleSystem\Release\vc120.pdb' 遺漏參考模組的偵錯資訊，當做沒有偵錯資訊，連結物件
     1>glui32.lib(glui_window.obj) : warning LNK4204: 'D:\Git\Particle-system\CA1_particleSystem\Release\vc120.pdb' 遺漏參考模組的偵錯資訊，當做沒有偵錯資訊，連結物件
         ParticleSystem.vcxproj -> D:\Git\Particle-system\CA1_particleSystem\Release\ParticleSystem.exe
     1>專案 "D:\Git\Particle-system\CA1_particleSystem\ParticleSystem.vcxproj" (Build 目標) 建置完成。

建置成功。

經過時間 00:00:02.57
